2023-02-13 00:02:198 INFO  HomePage :62 - enter jobtitle[[ChromeDriver: chrome on WINDOWS (0b872adb179bce0eee31df4707e22433)] -> xpath: //input[@id='keywords']]
2023-02-13 00:02:851 INFO  HomePage :66 - enter location[[ChromeDriver: chrome on WINDOWS (0b872adb179bce0eee31df4707e22433)] -> xpath: //input[@id='location']]
2023-02-13 00:02:295 INFO  HomePage :73 - click on Moresearchoptionlink[[ChromeDriver: chrome on WINDOWS (0b872adb179bce0eee31df4707e22433)] -> xpath: //button[@id='toggle-hp-search']]
2023-02-13 00:02:498 INFO  HomePage :81 - enter maxsalary[[ChromeDriver: chrome on WINDOWS (0b872adb179bce0eee31df4707e22433)] -> xpath: //input[@id='salarymax']]
2023-02-13 00:02:570 INFO  HomePage :81 - enter maxsalary[[ChromeDriver: chrome on WINDOWS (0b872adb179bce0eee31df4707e22433)] -> xpath: //input[@id='salarymax']]
2023-02-13 00:02:599 INFO  HomePage :62 - enter jobtitle[[ChromeDriver: chrome on WINDOWS (3e695f5875a88c799c5e5814301ee287)] -> xpath: //input[@id='keywords']]
2023-02-13 00:02:227 INFO  HomePage :66 - enter location[[ChromeDriver: chrome on WINDOWS (3e695f5875a88c799c5e5814301ee287)] -> xpath: //input[@id='location']]
2023-02-13 00:02:486 INFO  HomePage :73 - click on Moresearchoptionlink[[ChromeDriver: chrome on WINDOWS (3e695f5875a88c799c5e5814301ee287)] -> xpath: //button[@id='toggle-hp-search']]
2023-02-13 00:02:667 INFO  HomePage :81 - enter maxsalary[[ChromeDriver: chrome on WINDOWS (3e695f5875a88c799c5e5814301ee287)] -> xpath: //input[@id='salarymax']]
2023-02-13 00:02:718 INFO  HomePage :81 - enter maxsalary[[ChromeDriver: chrome on WINDOWS (3e695f5875a88c799c5e5814301ee287)] -> xpath: //input[@id='salarymax']]
2023-02-13 00:02:93 INFO  HomePage :91 - clickonfindjobs[[ChromeDriver: chrome on WINDOWS (3e695f5875a88c799c5e5814301ee287)] -> xpath: //input[@type='submit']]
2023-02-13 00:02:868 INFO  HomePage :62 - enter jobtitle[[ChromeDriver: chrome on WINDOWS (86aae815decfd52b1e1adbe08621cd64)] -> xpath: //input[@id='keywords']]
2023-02-13 00:02:510 INFO  HomePage :66 - enter location[[ChromeDriver: chrome on WINDOWS (86aae815decfd52b1e1adbe08621cd64)] -> xpath: //input[@id='location']]
2023-02-13 00:02:805 INFO  HomePage :73 - click on Moresearchoptionlink[[ChromeDriver: chrome on WINDOWS (86aae815decfd52b1e1adbe08621cd64)] -> xpath: //button[@id='toggle-hp-search']]
2023-02-13 00:02:06 INFO  HomePage :81 - enter maxsalary[[ChromeDriver: chrome on WINDOWS (86aae815decfd52b1e1adbe08621cd64)] -> xpath: //input[@id='salarymax']]
2023-02-13 00:02:53 INFO  HomePage :81 - enter maxsalary[[ChromeDriver: chrome on WINDOWS (86aae815decfd52b1e1adbe08621cd64)] -> xpath: //input[@id='salarymax']]
2023-02-13 00:02:444 INFO  HomePage :91 - clickonfindjobs[[ChromeDriver: chrome on WINDOWS (86aae815decfd52b1e1adbe08621cd64)] -> xpath: //input[@type='submit']]
2023-02-13 00:02:310 INFO  HomePage :62 - enter jobtitle[[ChromeDriver: chrome on WINDOWS (36f320e4803c324c7b6ae5d1d50de876)] -> xpath: //input[@id='keywords']]
2023-02-13 00:02:615 INFO  HomePage :66 - enter location[[ChromeDriver: chrome on WINDOWS (36f320e4803c324c7b6ae5d1d50de876)] -> xpath: //input[@id='location']]
2023-02-13 00:02:40 INFO  HomePage :73 - click on Moresearchoptionlink[[ChromeDriver: chrome on WINDOWS (36f320e4803c324c7b6ae5d1d50de876)] -> xpath: //button[@id='toggle-hp-search']]
2023-02-13 00:02:174 INFO  HomePage :81 - enter maxsalary[[ChromeDriver: chrome on WINDOWS (36f320e4803c324c7b6ae5d1d50de876)] -> xpath: //input[@id='salarymax']]
2023-02-13 00:02:219 INFO  HomePage :81 - enter maxsalary[[ChromeDriver: chrome on WINDOWS (36f320e4803c324c7b6ae5d1d50de876)] -> xpath: //input[@id='salarymax']]
2023-02-13 00:02:577 INFO  HomePage :91 - clickonfindjobs[[ChromeDriver: chrome on WINDOWS (36f320e4803c324c7b6ae5d1d50de876)] -> xpath: //input[@type='submit']]
2023-02-13 00:02:112 INFO  HomePage :62 - enter jobtitle[[ChromeDriver: chrome on WINDOWS (1f405c00b55593024e299cf4fa23c280)] -> xpath: //input[@id='keywords']]
2023-02-13 00:02:733 INFO  HomePage :66 - enter location[[ChromeDriver: chrome on WINDOWS (1f405c00b55593024e299cf4fa23c280)] -> xpath: //input[@id='location']]
2023-02-13 00:02:78 INFO  HomePage :73 - click on Moresearchoptionlink[[ChromeDriver: chrome on WINDOWS (1f405c00b55593024e299cf4fa23c280)] -> xpath: //button[@id='toggle-hp-search']]
2023-02-13 00:02:269 INFO  HomePage :77 - enter minsalary[[ChromeDriver: chrome on WINDOWS (1f405c00b55593024e299cf4fa23c280)] -> xpath: //input[@id='salarymin']]
2023-02-13 00:02:367 INFO  HomePage :81 - enter maxsalary[[ChromeDriver: chrome on WINDOWS (1f405c00b55593024e299cf4fa23c280)] -> xpath: //input[@id='salarymax']]
2023-02-13 00:02:776 INFO  HomePage :91 - clickonfindjobs[[ChromeDriver: chrome on WINDOWS (1f405c00b55593024e299cf4fa23c280)] -> xpath: //input[@type='submit']]
2023-02-13 00:02:966 INFO  HomePage :62 - enter jobtitle[[ChromeDriver: chrome on WINDOWS (0ee182711c988a2c159b8322273640a4)] -> xpath: //input[@id='keywords']]
2023-02-13 00:02:519 INFO  HomePage :66 - enter location[[ChromeDriver: chrome on WINDOWS (0ee182711c988a2c159b8322273640a4)] -> xpath: //input[@id='location']]
2023-02-13 00:02:726 INFO  HomePage :73 - click on Moresearchoptionlink[[ChromeDriver: chrome on WINDOWS (0ee182711c988a2c159b8322273640a4)] -> xpath: //button[@id='toggle-hp-search']]
2023-02-13 00:02:967 INFO  HomePage :77 - enter minsalary[[ChromeDriver: chrome on WINDOWS (0ee182711c988a2c159b8322273640a4)] -> xpath: //input[@id='salarymin']]
2023-02-13 00:02:60 INFO  HomePage :81 - enter maxsalary[[ChromeDriver: chrome on WINDOWS (0ee182711c988a2c159b8322273640a4)] -> xpath: //input[@id='salarymax']]
2023-02-13 00:02:456 INFO  HomePage :91 - clickonfindjobs[[ChromeDriver: chrome on WINDOWS (0ee182711c988a2c159b8322273640a4)] -> xpath: //input[@type='submit']]
2023-02-13 00:02:582 INFO  HomePage :62 - enter jobtitle[[ChromeDriver: chrome on WINDOWS (263ba0139eb63513084a36dd8e4aa418)] -> xpath: //input[@id='keywords']]
2023-02-13 00:02:688 INFO  HomePage :66 - enter location[[ChromeDriver: chrome on WINDOWS (263ba0139eb63513084a36dd8e4aa418)] -> xpath: //input[@id='location']]
2023-02-13 00:02:255 INFO  HomePage :73 - click on Moresearchoptionlink[[ChromeDriver: chrome on WINDOWS (263ba0139eb63513084a36dd8e4aa418)] -> xpath: //button[@id='toggle-hp-search']]
2023-02-13 00:02:641 INFO  HomePage :77 - enter minsalary[[ChromeDriver: chrome on WINDOWS (263ba0139eb63513084a36dd8e4aa418)] -> xpath: //input[@id='salarymin']]
2023-02-13 00:02:786 INFO  HomePage :81 - enter maxsalary[[ChromeDriver: chrome on WINDOWS (263ba0139eb63513084a36dd8e4aa418)] -> xpath: //input[@id='salarymax']]
2023-02-13 00:02:298 INFO  HomePage :91 - clickonfindjobs[[ChromeDriver: chrome on WINDOWS (263ba0139eb63513084a36dd8e4aa418)] -> xpath: //input[@type='submit']]
2023-02-13 00:02:554 INFO  HomePage :62 - enter jobtitle[[ChromeDriver: chrome on WINDOWS (1ab5359cee4ef5048cffbe590e108eee)] -> xpath: //input[@id='keywords']]
2023-02-13 00:02:146 INFO  HomePage :66 - enter location[[ChromeDriver: chrome on WINDOWS (1ab5359cee4ef5048cffbe590e108eee)] -> xpath: //input[@id='location']]
2023-02-13 00:02:495 INFO  HomePage :73 - click on Moresearchoptionlink[[ChromeDriver: chrome on WINDOWS (1ab5359cee4ef5048cffbe590e108eee)] -> xpath: //button[@id='toggle-hp-search']]
2023-02-13 00:02:710 INFO  HomePage :77 - enter minsalary[[ChromeDriver: chrome on WINDOWS (1ab5359cee4ef5048cffbe590e108eee)] -> xpath: //input[@id='salarymin']]
2023-02-13 00:02:825 INFO  HomePage :81 - enter maxsalary[[ChromeDriver: chrome on WINDOWS (1ab5359cee4ef5048cffbe590e108eee)] -> xpath: //input[@id='salarymax']]
2023-02-13 00:02:227 INFO  HomePage :91 - clickonfindjobs[[ChromeDriver: chrome on WINDOWS (1ab5359cee4ef5048cffbe590e108eee)] -> xpath: //input[@type='submit']]
2023-02-13 00:02:739 INFO  HomePage :62 - enter jobtitle[[ChromeDriver: chrome on WINDOWS (89183702aa95a964c5a6387416bf15b0)] -> xpath: //input[@id='keywords']]
2023-02-13 00:02:438 INFO  HomePage :66 - enter location[[ChromeDriver: chrome on WINDOWS (89183702aa95a964c5a6387416bf15b0)] -> xpath: //input[@id='location']]
2023-02-13 00:02:836 INFO  HomePage :73 - click on Moresearchoptionlink[[ChromeDriver: chrome on WINDOWS (89183702aa95a964c5a6387416bf15b0)] -> xpath: //button[@id='toggle-hp-search']]
2023-02-13 00:02:68 INFO  HomePage :77 - enter minsalary[[ChromeDriver: chrome on WINDOWS (89183702aa95a964c5a6387416bf15b0)] -> xpath: //input[@id='salarymin']]
2023-02-13 00:02:169 INFO  HomePage :81 - enter maxsalary[[ChromeDriver: chrome on WINDOWS (89183702aa95a964c5a6387416bf15b0)] -> xpath: //input[@id='salarymax']]
2023-02-13 00:02:537 INFO  HomePage :91 - clickonfindjobs[[ChromeDriver: chrome on WINDOWS (89183702aa95a964c5a6387416bf15b0)] -> xpath: //input[@type='submit']]
